2023-06-02 14:58:12 INFO  Main:22 - The main is running
  2023-06-02 14:58:12 INFO  selectOrder:30 - SQL lekérdezés adatbázis kapcsolat
  2023-06-02 14:58:12 INFO  selectOrder:32 - Lekérdezés meghívása
  2023-06-02 14:58:12 INFO  selectOrder:51 - Sikeres lekérdezés a orders-ből
  2023-06-02 14:58:12 INFO  deleteById:38 - Order törlése az adatbázisból
  2023-06-02 14:58:12 INFO  loginPanel:27 - Loginpanel is running
  2023-06-02 14:58:13 INFO  loginPanel:39 - Loginpanel is connecting to DB
  2023-06-02 14:58:13 INFO  Main:57 - DB connection is up, opening loginpanel
  2023-06-02 17:57:55 INFO  Main:22 - The main is running
  2023-06-02 17:57:55 INFO  selectOrder:30 - SQL lekérdezés adatbázis kapcsolat
  2023-06-02 17:57:55 INFO  selectOrder:32 - Lekérdezés meghívása
  2023-06-02 17:57:55 INFO  selectOrder:51 - Sikeres lekérdezés a orders-ből
  2023-06-02 17:57:56 INFO  loginPanel:27 - Loginpanel is running
  2023-06-02 17:57:56 INFO  loginPanel:39 - Loginpanel is connecting to DB
  2023-06-02 17:57:56 INFO  Main:57 - DB connection is up, opening loginpanel
  2023-06-04 18:48:07 INFO  Main:22 - The main is running
  2023-06-04 18:48:07 INFO  selectOrder:30 - SQL lekérdezés adatbázis kapcsolat
  2023-06-04 18:48:07 INFO  selectOrder:32 - Lekérdezés meghívása
  2023-06-04 18:48:10 INFO  Main:66 - DB connection is down, opening error message
  2023-06-04 18:48:52 INFO  Main:22 - The main is running
  2023-06-04 18:48:52 INFO  selectOrder:30 - SQL lekérdezés adatbázis kapcsolat
  2023-06-04 18:48:52 INFO  selectOrder:32 - Lekérdezés meghívása
  2023-06-04 18:48:52 INFO  selectOrder:51 - Sikeres lekérdezés a orders-ből
  2023-06-04 18:48:52 INFO  loginPanel:27 - Loginpanel is running
  2023-06-04 18:48:52 INFO  loginPanel:39 - Loginpanel is connecting to DB
  2023-06-04 18:48:52 INFO  Main:62 - DB connection is up, opening loginpanel
  2023-06-04 18:49:57 INFO  Main:22 - The main is running
  2023-06-04 18:49:57 INFO  Main:34 - The Nimbus design is right!
  2023-06-04 18:49:57 INFO  selectOrder:30 - SQL lekérdezés adatbázis kapcsolat
  2023-06-04 18:49:57 INFO  selectOrder:32 - Lekérdezés meghívása
  2023-06-04 18:49:57 INFO  selectOrder:51 - Sikeres lekérdezés a orders-ből
  2023-06-04 18:49:57 INFO  loginPanel:27 - Loginpanel is running
  2023-06-04 18:49:58 INFO  loginPanel:39 - Loginpanel is connecting to DB
  2023-06-04 18:49:58 INFO  Main:63 - DB connection is up, opening loginpanel
  2023-06-04 18:55:25 INFO  Main:22 - The main is running
  2023-06-04 18:55:25 INFO  Main:34 - The Nimbus design is right!
  2023-06-04 18:55:25 INFO  selectOrder:30 - SQL lekérdezés adatbázis kapcsolat
  2023-06-04 18:55:25 INFO  selectOrder:32 - Lekérdezés meghívása
  2023-06-04 18:55:25 INFO  selectOrder:51 - Sikeres lekérdezés a orders-ből
  2023-06-04 18:55:25 INFO  loginPanel:27 - Loginpanel is running
  2023-06-04 18:55:26 INFO  loginPanel:39 - Loginpanel is connecting to DB
  2023-06-04 18:55:26 INFO  Main:63 - DB connection is up, opening loginpanel
  2023-06-04 18:56:46 INFO  deleteById:38 - Order törlése az adatbázisból
  